{
    "wallTime": 1,
    "cpuTime": 1,
    "truncated": false,
    "executionModel": "stateless",
    "outcome": "ok",
    "scriptVersion": {
        "id": "1fc8b5fe-c4a9-4edf-9016-3362708c1ca0"
    },
    "scriptName": "varcas-energy-backend",
    "diagnosticsChannelEvents": [],
    "exceptions": [],
    "logs": [
        {
            "message": [
                "Login error:",
                "SyntaxError: Expected property name or '}' in JSON at position 1 (line 1 column 2)"
            ],
            "level": "error",
            "timestamp": 1775204323035
        }
    ],
    "eventTimestamp": 1775204323035,
    "event": {
        "request": {
            "url": "https://varcas-energy-backend.varcas-energy.workers.dev/api/auth/login",
            "method": "POST",
            "headers": {
                "accept": "*/*",
                "accept-encoding": "gzip, br",
                "cf-connecting-ip": "152.59.36.19",
                "cf-ipcountry": "IN",
                "cf-ray": "9e66a4eaf94ece46",
                "cf-visitor": "{\"scheme\":\"https\"}",
                "connection": "Keep-Alive",
                "content-length": "49",
                "content-type": "application/json",
                "host": "varcas-energy-backend.varcas-energy.workers.dev",
                "user-agent": "curl/8.18.0",
                "x-forwarded-proto": "https",
                "x-real-ip": "152.59.36.19"
            },
            "cf": {
                "httpProtocol": "HTTP/1.1",
                "requestPriority": "",
                "edgeRequestKeepAliveStatus": 1,
                "requestHeaderNames": {},
                "clientTcpRtt": 100,
                "clientQuicRtt": 0,
                "colo": "SIN",
                "asn": 55836,
                "asOrganization": "Reliance Jio Infocomm Limited",
                "country": "IN",
                "isEUCountry": false,
                "city": "Surat",
                "continent": "AS",
                "region": "Gujarat",
                "regionCode": "GJ",
                "timezone": "Asia/Kolkata",
                "longitude": "72.83023",
                "latitude": "21.19594",
                "postalCode": "395005",
                "tlsVersion": "TLSv1.3",
                "tlsCipher": "AEAD-AES256-GCM-SHA384",
                "tlsClientRandom": "h3u+izXRtCUx9d+MXL957X7AN5MlsAgUO1jH5l+QW0M=",
                "tlsClientCiphersSha1": "kTkJ+HAwBvIuoPFncb1wEDLcgfg=",
                "tlsClientExtensionsSha1": "p2XN7z/lcnmBD9Q+f8xSyG4x4VA=",
                "tlsClientExtensionsSha1Le": "ydwLHTahJx17MvHnnvv2lsdgs/g=",
                "tlsExportedAuthenticator": {
                    "clientHandshake": "f17871eb368ff14c8c91d036792f783d8f926f3ba8ffd98777afe2ad35dbff8dba5368872776cc71f9edfa8cb1429df2",
                    "serverHandshake": "f0df751c5dce52cab1348abe24dda1d92bdff5618ff96df5998877ee4a20b33a52d6d0a0202ba1d987a6c8082cdd32f6",
                    "clientFinished": "89bfbcc9e4e8763075cebd6cf9e48f2896f2666b1f5ce88892f30e9582de03cf68836ee01261fabe206ea841b3fcccbc",
                    "serverFinished": "42a1b72c5266f5d39076a93196539d0e6113e57ea74a099d6f74e4a75d5ffb00ceabb7f9544fb359c60f0ba4dec28e10"
                },
                "tlsClientHelloLength": "485",
                "tlsClientAuth": {
                    "certPresented": "0",
                    "certVerified": "NONE",
                    "certRevoked": "0",
                    "certIssuerDN": "",
                    "certSubjectDN": "",
                    "certIssuerDNRFC2253": "",
                    "certSubjectDNRFC2253": "",
                    "certIssuerDNLegacy": "",
                    "certSubjectDNLegacy": "",
                    "certSerial": "",
                    "certIssuerSerial": "",
                    "certSKI": "",
                    "certIssuerSKI": "",
                    "certFingerprintSHA1": "",
                    "certFingerprintSHA256": "",
                    "certNotBefore": "",
                    "certNotAfter": "",
                    "certRFC9440": "",
                    "certRFC9440TooLarge": false,
                    "certChainRFC9440": "",
                    "certChainRFC9440TooLarge": false
                },
                "verifiedBotCategory": "",
                "edgeL4": {
                    "deliveryRate": 23430
                }
            }
        },
        "response": {
            "status": 500
        }
    }
}
Terminate batch job (Y/N)? 